mode: set
walkie-backend/cmd/server/main.go:15.13,16.67 1 0
walkie-backend/cmd/server/main.go:16.67,18.3 1 0
walkie-backend/cmd/server/main.go:21.75,27.2 4 1
walkie-backend/cmd/server/main.go:33.26,34.22 1 1
walkie-backend/cmd/server/main.go:34.22,36.3 1 1
walkie-backend/cmd/server/main.go:38.2,39.27 2 1
walkie-backend/cmd/server/main.go:39.27,41.3 1 1
walkie-backend/cmd/server/main.go:43.2,43.35 1 1
walkie-backend/cmd/server/main.go:46.55,48.16 2 1
walkie-backend/cmd/server/main.go:48.16,50.3 1 1
walkie-backend/cmd/server/main.go:51.2,51.19 1 1
walkie-backend/internal/config/db.go:23.18,24.17 1 1
walkie-backend/internal/config/db.go:24.17,26.17 2 1
walkie-backend/internal/config/db.go:26.17,28.4 1 0
walkie-backend/internal/config/db.go:29.3,30.51 2 1
walkie-backend/internal/config/db.go:34.54,36.59 2 1
walkie-backend/internal/config/db.go:36.59,38.3 1 1
walkie-backend/internal/config/db.go:38.8,40.3 1 0
walkie-backend/internal/config/db.go:42.2,43.16 2 1
walkie-backend/internal/config/db.go:43.16,45.3 1 0
walkie-backend/internal/config/db.go:47.2,51.16 1 1
walkie-backend/internal/config/db.go:51.16,53.3 1 0
walkie-backend/internal/config/db.go:55.2,56.16 2 1
walkie-backend/internal/config/db.go:59.32,68.30 2 1
walkie-backend/internal/config/db.go:68.30,71.17 3 1
walkie-backend/internal/config/db.go:71.17,72.47 1 1
walkie-backend/internal/config/db.go:72.47,74.5 1 0
walkie-backend/internal/config/db.go:74.10,76.5 1 1
walkie-backend/internal/config/db.go:80.2,80.27 1 1
walkie-backend/internal/config/db.go:80.27,85.17 4 1
walkie-backend/internal/config/db.go:85.17,91.49 2 1
walkie-backend/internal/config/db.go:91.49,93.5 1 0
walkie-backend/internal/config/db.go:93.10,95.5 1 1
walkie-backend/internal/config/db.go:99.2,99.43 1 1
walkie-backend/internal/http/router.go:9.33,16.2 6 1
walkie-backend/internal/response/json.go:8.61,12.2 3 1
walkie-backend/internal/response/json.go:14.66,16.2 1 1
walkie-backend/internal/models/channel.go:15.78,19.2 3 1
walkie-backend/internal/models/channel.go:22.68,26.2 3 1
walkie-backend/internal/models/channel_membership.go:21.41,24.2 2 1
walkie-backend/internal/models/channel_membership.go:27.43,31.2 3 1
walkie-backend/internal/models/user.go:22.35,24.2 1 1
walkie-backend/internal/models/user.go:27.47,28.29 1 1
walkie-backend/internal/models/user.go:28.29,30.3 1 1
walkie-backend/internal/models/user.go:31.2,31.11 1 1
walkie-backend/internal/services/user_service.go:17.36,19.2 1 1
walkie-backend/internal/services/user_service.go:22.83,24.82 2 1
walkie-backend/internal/services/user_service.go:24.82,26.3 1 1
walkie-backend/internal/services/user_service.go:29.2,30.16 2 1
walkie-backend/internal/services/user_service.go:30.16,32.3 1 1
walkie-backend/internal/services/user_service.go:33.2,33.44 1 1
walkie-backend/internal/services/user_service.go:33.44,35.3 1 1
walkie-backend/internal/services/user_service.go:38.2,38.67 1 1
walkie-backend/internal/services/user_service.go:38.67,40.3 1 1
walkie-backend/internal/services/user_service.go:43.2,45.35 3 1
walkie-backend/internal/services/user_service.go:45.35,53.56 2 1
walkie-backend/internal/services/user_service.go:53.56,55.4 1 0
walkie-backend/internal/services/user_service.go:56.8,56.23 1 1
walkie-backend/internal/services/user_service.go:56.23,58.3 1 0
walkie-backend/internal/services/user_service.go:58.8,61.54 2 1
walkie-backend/internal/services/user_service.go:61.54,63.4 1 0
walkie-backend/internal/services/user_service.go:67.2,70.23 1 1
walkie-backend/internal/services/user_service.go:70.23,72.3 1 1
walkie-backend/internal/services/user_service.go:74.2,74.12 1 1
walkie-backend/internal/services/user_service.go:78.75,80.56 2 1
walkie-backend/internal/services/user_service.go:80.56,82.3 1 1
walkie-backend/internal/services/user_service.go:84.2,84.34 1 1
walkie-backend/internal/services/user_service.go:84.34,86.3 1 1
walkie-backend/internal/services/user_service.go:89.2,90.147 2 1
walkie-backend/internal/services/user_service.go:90.147,92.54 2 1
walkie-backend/internal/services/user_service.go:92.54,94.4 1 0
walkie-backend/internal/services/user_service.go:98.2,101.23 1 1
walkie-backend/internal/services/user_service.go:101.23,103.3 1 0
walkie-backend/internal/services/user_service.go:105.2,105.12 1 1
walkie-backend/internal/services/user_service.go:109.77,111.82 2 1
walkie-backend/internal/services/user_service.go:111.82,113.3 1 1
walkie-backend/internal/services/user_service.go:114.2,114.19 1 1
walkie-backend/internal/services/user_service.go:118.88,125.2 3 1
walkie-backend/internal/services/user_service.go:128.72,130.82 2 1
walkie-backend/internal/services/user_service.go:130.82,132.3 1 1
walkie-backend/internal/services/user_service.go:133.2,133.22 1 1
walkie-backend/pkg/stt/stt.go:27.35,29.19 2 1
walkie-backend/pkg/stt/stt.go:29.19,31.3 1 0
walkie-backend/pkg/stt/stt.go:32.2,35.8 1 1
walkie-backend/pkg/stt/stt.go:38.89,39.25 1 1
walkie-backend/pkg/stt/stt.go:39.25,41.3 1 1
walkie-backend/pkg/stt/stt.go:43.2,47.16 4 1
walkie-backend/pkg/stt/stt.go:47.16,49.3 1 0
walkie-backend/pkg/stt/stt.go:50.2,50.53 1 1
walkie-backend/pkg/stt/stt.go:50.53,52.3 1 0
walkie-backend/pkg/stt/stt.go:54.2,54.83 1 1
walkie-backend/pkg/stt/stt.go:54.83,56.3 1 0
walkie-backend/pkg/stt/stt.go:57.2,57.60 1 1
walkie-backend/pkg/stt/stt.go:57.60,59.3 1 0
walkie-backend/pkg/stt/stt.go:60.2,63.16 3 1
walkie-backend/pkg/stt/stt.go:63.16,65.3 1 0
walkie-backend/pkg/stt/stt.go:66.2,69.16 3 1
walkie-backend/pkg/stt/stt.go:69.16,71.3 1 1
walkie-backend/pkg/stt/stt.go:72.2,74.38 2 1
walkie-backend/pkg/stt/stt.go:74.38,77.3 2 1
walkie-backend/pkg/stt/stt.go:79.2,80.68 2 1
walkie-backend/pkg/stt/stt.go:80.68,82.3 1 1
walkie-backend/pkg/stt/stt.go:83.2,83.45 1 1
walkie-backend/pkg/stt/stt.go:86.55,88.91 2 1
walkie-backend/pkg/stt/stt.go:88.91,90.3 1 1
walkie-backend/pkg/stt/stt.go:91.2,91.25 1 1
walkie-backend/pkg/stt/stt.go:91.25,93.3 1 1
walkie-backend/pkg/stt/stt.go:95.2,96.18 2 1
walkie-backend/pkg/stt/stt.go:96.18,98.3 1 0
walkie-backend/pkg/stt/stt.go:100.2,106.41 2 1
walkie-backend/pkg/stt/stt.go:106.41,111.16 4 1
walkie-backend/pkg/stt/stt.go:111.16,113.4 1 1
walkie-backend/pkg/stt/stt.go:114.3,114.23 1 1
walkie-backend/pkg/stt/stt.go:114.23,116.4 1 1
walkie-backend/pkg/stt/stt.go:117.3,117.16 1 1
walkie-backend/pkg/stt/stt.go:120.2,121.36 2 1
walkie-backend/pkg/deepseek/deepseek.go:139.35,141.19 2 1
walkie-backend/pkg/deepseek/deepseek.go:141.19,143.3 1 1
walkie-backend/pkg/deepseek/deepseek.go:144.2,145.17 2 1
walkie-backend/pkg/deepseek/deepseek.go:145.17,147.3 1 1
walkie-backend/pkg/deepseek/deepseek.go:148.2,155.8 2 1
walkie-backend/pkg/deepseek/deepseek.go:158.162,160.22 2 1
walkie-backend/pkg/deepseek/deepseek.go:160.22,162.3 1 1
walkie-backend/pkg/deepseek/deepseek.go:164.2,183.16 5 1
walkie-backend/pkg/deepseek/deepseek.go:183.16,185.3 1 0
walkie-backend/pkg/deepseek/deepseek.go:187.2,189.16 3 1
walkie-backend/pkg/deepseek/deepseek.go:189.16,191.3 1 0
walkie-backend/pkg/deepseek/deepseek.go:192.2,193.20 2 1
walkie-backend/pkg/deepseek/deepseek.go:193.20,195.3 1 0
walkie-backend/pkg/deepseek/deepseek.go:197.2,198.16 2 1
walkie-backend/pkg/deepseek/deepseek.go:198.16,200.3 1 1
walkie-backend/pkg/deepseek/deepseek.go:201.2,203.38 2 1
walkie-backend/pkg/deepseek/deepseek.go:203.38,206.3 2 1
walkie-backend/pkg/deepseek/deepseek.go:208.2,209.68 2 1
walkie-backend/pkg/deepseek/deepseek.go:209.68,211.3 1 0
walkie-backend/pkg/deepseek/deepseek.go:213.2,214.19 2 1
walkie-backend/pkg/deepseek/deepseek.go:214.19,216.3 1 0
walkie-backend/pkg/deepseek/deepseek.go:219.2,222.69 3 1
walkie-backend/pkg/deepseek/deepseek.go:222.69,227.3 3 1
walkie-backend/pkg/deepseek/deepseek.go:230.2,237.34 2 1
walkie-backend/pkg/deepseek/deepseek.go:237.34,241.3 3 1
walkie-backend/pkg/deepseek/deepseek.go:243.2,243.20 1 1
walkie-backend/pkg/deepseek/deepseek.go:247.53,251.72 2 1
walkie-backend/pkg/deepseek/deepseek.go:251.72,253.3 1 1
walkie-backend/pkg/deepseek/deepseek.go:256.2,256.38 1 1
walkie-backend/pkg/deepseek/deepseek.go:256.38,261.30 4 1
walkie-backend/pkg/deepseek/deepseek.go:261.30,263.41 2 1
walkie-backend/pkg/deepseek/deepseek.go:263.41,265.13 2 1
walkie-backend/pkg/deepseek/deepseek.go:267.4,267.36 1 1
walkie-backend/pkg/deepseek/deepseek.go:267.36,269.5 1 1
walkie-backend/pkg/deepseek/deepseek.go:272.3,272.25 1 1
walkie-backend/pkg/deepseek/deepseek.go:272.25,274.4 1 1
walkie-backend/pkg/deepseek/deepseek.go:278.2,279.29 2 1
walkie-backend/pkg/deepseek/deepseek.go:279.29,281.67 2 1
walkie-backend/pkg/deepseek/deepseek.go:281.67,283.4 1 1
walkie-backend/pkg/deepseek/deepseek.go:287.2,287.16 1 1
walkie-backend/pkg/deepseek/deepseek.go:290.115,301.26 9 1
walkie-backend/pkg/deepseek/deepseek.go:301.26,305.3 3 1
walkie-backend/pkg/deepseek/deepseek.go:307.2,307.23 1 1
walkie-backend/pkg/deepseek/deepseek.go:307.23,311.3 3 1
walkie-backend/pkg/deepseek/deepseek.go:313.2,314.20 2 1
walkie-backend/internal/http/handlers/audio.go:42.43,48.38 1 1
walkie-backend/internal/http/handlers/audio.go:48.38,50.4 1 1
walkie-backend/internal/http/handlers/audio.go:51.40,53.4 1 1
walkie-backend/internal/http/handlers/audio.go:54.50,56.4 1 1
walkie-backend/internal/http/handlers/audio.go:58.84,60.4 1 0
walkie-backend/internal/http/handlers/audio.go:61.117,62.18 1 1
walkie-backend/internal/http/handlers/audio.go:62.18,64.5 1 1
walkie-backend/internal/http/handlers/audio.go:65.4,65.44 1 0
walkie-backend/internal/http/handlers/audio.go:73.58,75.2 1 1
walkie-backend/internal/http/handlers/audio.go:77.83,78.33 1 1
walkie-backend/internal/http/handlers/audio.go:78.33,81.3 2 1
walkie-backend/internal/http/handlers/audio.go:83.2,84.9 2 1
walkie-backend/internal/http/handlers/audio.go:84.9,87.3 2 1
walkie-backend/internal/http/handlers/audio.go:89.2,93.39 4 1
walkie-backend/internal/http/handlers/audio.go:93.39,97.3 3 1
walkie-backend/internal/http/handlers/audio.go:99.2,101.34 2 1
walkie-backend/internal/http/handlers/audio.go:101.34,105.3 3 1
walkie-backend/internal/http/handlers/audio.go:107.2,108.20 2 1
walkie-backend/internal/http/handlers/audio.go:108.20,111.3 2 1
walkie-backend/internal/http/handlers/audio.go:113.2,114.16 2 1
walkie-backend/internal/http/handlers/audio.go:114.16,118.3 3 1
walkie-backend/internal/http/handlers/audio.go:120.2,121.16 2 1
walkie-backend/internal/http/handlers/audio.go:121.16,125.3 3 0
walkie-backend/internal/http/handlers/audio.go:127.2,128.16 2 1
walkie-backend/internal/http/handlers/audio.go:128.16,130.25 2 1
walkie-backend/internal/http/handlers/audio.go:130.25,134.4 3 1
walkie-backend/internal/http/handlers/audio.go:135.3,136.9 2 1
walkie-backend/internal/http/handlers/audio.go:139.2,142.28 3 1
walkie-backend/internal/http/handlers/audio.go:142.28,146.3 3 1
walkie-backend/internal/http/handlers/audio.go:148.2,149.24 2 1
walkie-backend/internal/http/handlers/audio.go:149.24,151.3 1 1
walkie-backend/internal/http/handlers/audio.go:153.2,156.16 3 1
walkie-backend/internal/http/handlers/audio.go:156.16,158.25 2 1
walkie-backend/internal/http/handlers/audio.go:158.25,160.4 1 1
walkie-backend/internal/http/handlers/audio.go:160.9,162.4 1 1
walkie-backend/internal/http/handlers/audio.go:163.3,163.9 1 1
walkie-backend/internal/http/handlers/audio.go:166.2,167.16 2 1
walkie-backend/internal/http/handlers/audio.go:167.16,169.25 2 1
walkie-backend/internal/http/handlers/audio.go:169.25,171.4 1 1
walkie-backend/internal/http/handlers/audio.go:171.9,173.4 1 1
walkie-backend/internal/http/handlers/audio.go:174.3,174.9 1 1
walkie-backend/internal/http/handlers/audio.go:177.2,178.30 2 1
walkie-backend/internal/http/handlers/audio.go:178.30,180.3 1 1
walkie-backend/internal/http/handlers/audio.go:182.2,183.16 2 1
walkie-backend/internal/http/handlers/audio.go:183.16,185.25 2 1
walkie-backend/internal/http/handlers/audio.go:185.25,188.4 2 1
walkie-backend/internal/http/handlers/audio.go:188.9,190.4 1 1
walkie-backend/internal/http/handlers/audio.go:191.3,191.9 1 1
walkie-backend/internal/http/handlers/audio.go:194.2,196.22 2 1
walkie-backend/internal/http/handlers/audio.go:196.22,199.21 3 1
walkie-backend/internal/http/handlers/audio.go:199.21,203.4 3 1
walkie-backend/internal/http/handlers/audio.go:205.3,208.9 4 1
walkie-backend/internal/http/handlers/audio.go:211.2,211.25 1 1
walkie-backend/internal/http/handlers/audio.go:211.25,215.3 3 1
walkie-backend/internal/http/handlers/audio.go:217.2,217.45 1 1
walkie-backend/internal/http/handlers/audio.go:223.56,224.32 1 1
walkie-backend/internal/http/handlers/audio.go:224.32,227.3 2 1
walkie-backend/internal/http/handlers/audio.go:230.2,231.9 2 1
walkie-backend/internal/http/handlers/audio.go:231.9,234.3 2 1
walkie-backend/internal/http/handlers/audio.go:237.2,239.25 2 1
walkie-backend/internal/http/handlers/audio.go:239.25,248.17 7 1
walkie-backend/internal/http/handlers/audio.go:248.17,250.4 1 0
walkie-backend/internal/http/handlers/audio.go:251.3,251.9 1 1
walkie-backend/internal/http/handlers/audio.go:255.2,255.37 1 1
walkie-backend/internal/http/handlers/audio_helpers.go:31.122,32.23 1 1
walkie-backend/internal/http/handlers/audio_helpers.go:33.30,34.47 1 1
walkie-backend/internal/http/handlers/audio_helpers.go:36.33,37.32 1 1
walkie-backend/internal/http/handlers/audio_helpers.go:37.32,39.4 1 1
walkie-backend/internal/http/handlers/audio_helpers.go:40.3,40.76 1 1
walkie-backend/internal/http/handlers/audio_helpers.go:42.36,43.59 1 1
walkie-backend/internal/http/handlers/audio_helpers.go:45.10,46.27 1 0
walkie-backend/internal/http/handlers/audio_helpers.go:51.82,53.16 2 1
walkie-backend/internal/http/handlers/audio_helpers.go:53.16,55.3 1 0
walkie-backend/internal/http/handlers/audio_helpers.go:57.2,57.24 1 1
walkie-backend/internal/http/handlers/audio_helpers.go:57.24,59.3 1 1
walkie-backend/internal/http/handlers/audio_helpers.go:62.2,66.30 4 1
walkie-backend/internal/http/handlers/audio_helpers.go:66.30,69.3 2 1
walkie-backend/internal/http/handlers/audio_helpers.go:71.2,71.28 1 1
walkie-backend/internal/http/handlers/audio_helpers.go:71.28,73.3 1 0
walkie-backend/internal/http/handlers/audio_helpers.go:73.8,73.35 1 1
walkie-backend/internal/http/handlers/audio_helpers.go:73.35,75.3 1 0
walkie-backend/internal/http/handlers/audio_helpers.go:75.8,77.37 2 1
walkie-backend/internal/http/handlers/audio_helpers.go:77.37,78.20 1 1
walkie-backend/internal/http/handlers/audio_helpers.go:78.20,80.5 1 1
walkie-backend/internal/http/handlers/audio_helpers.go:80.10,82.5 1 1
walkie-backend/internal/http/handlers/audio_helpers.go:86.2,86.31 1 1
walkie-backend/internal/http/handlers/audio_helpers.go:90.124,91.79 1 1
walkie-backend/internal/http/handlers/audio_helpers.go:91.79,93.3 1 0
walkie-backend/internal/http/handlers/audio_helpers.go:96.2,100.62 3 1
walkie-backend/internal/http/handlers/audio_helpers.go:104.107,105.25 1 1
walkie-backend/internal/http/handlers/audio_helpers.go:105.25,107.3 1 0
walkie-backend/internal/http/handlers/audio_helpers.go:109.2,110.78 2 1
walkie-backend/internal/http/handlers/audio_helpers.go:110.78,112.3 1 0
walkie-backend/internal/http/handlers/audio_helpers.go:115.2,119.66 3 1
walkie-backend/internal/http/handlers/audio_helpers.go:123.87,125.23 2 1
walkie-backend/internal/http/handlers/audio_helpers.go:125.23,128.3 2 1
walkie-backend/internal/http/handlers/audio_helpers.go:130.2,142.12 5 1
walkie-backend/internal/http/handlers/audio_helpers.go:142.12,145.3 2 1
walkie-backend/internal/http/handlers/audio_helpers.go:148.2,150.16 3 1
walkie-backend/internal/http/handlers/audio_helpers.go:150.16,154.3 3 0
walkie-backend/internal/http/handlers/audio_helpers.go:157.2,158.33 2 1
walkie-backend/internal/http/handlers/audio_helpers.go:158.33,159.22 1 1
walkie-backend/internal/http/handlers/audio_helpers.go:159.22,161.4 1 0
walkie-backend/internal/http/handlers/audio_helpers.go:165.2,170.25 3 1
walkie-backend/internal/http/handlers/audio_helpers.go:170.25,178.17 7 0
walkie-backend/internal/http/handlers/audio_helpers.go:178.17,180.4 1 0
walkie-backend/internal/http/handlers/audio_helpers.go:181.3,181.9 1 0
walkie-backend/internal/http/handlers/audio_helpers.go:185.2,187.37 2 1
walkie-backend/internal/http/handlers/audio_helpers.go:192.53,194.21 2 1
walkie-backend/internal/http/handlers/audio_helpers.go:194.21,196.3 1 1
walkie-backend/internal/http/handlers/audio_helpers.go:199.2,200.88 2 1
walkie-backend/internal/http/handlers/audio_helpers.go:200.88,202.3 1 0
walkie-backend/internal/http/handlers/audio_helpers.go:204.2,204.22 1 1
walkie-backend/internal/http/handlers/audio_helpers.go:207.60,212.41 3 1
walkie-backend/internal/http/handlers/audio_helpers.go:212.41,215.17 3 1
walkie-backend/internal/http/handlers/audio_helpers.go:215.17,217.4 1 0
walkie-backend/internal/http/handlers/audio_helpers.go:218.3,219.50 2 1
walkie-backend/internal/http/handlers/audio_helpers.go:223.2,224.51 2 1
walkie-backend/internal/http/handlers/audio_helpers.go:228.41,229.20 1 1
walkie-backend/internal/http/handlers/audio_helpers.go:229.20,231.3 1 1
walkie-backend/internal/http/handlers/audio_helpers.go:233.2,233.68 1 1
walkie-backend/internal/http/handlers/audio_helpers.go:236.38,240.17 2 1
walkie-backend/internal/http/handlers/audio_helpers.go:240.17,243.31 3 1
walkie-backend/internal/http/handlers/audio_helpers.go:243.31,244.21 1 1
walkie-backend/internal/http/handlers/audio_helpers.go:244.21,246.5 1 1
walkie-backend/internal/http/handlers/audio_helpers.go:250.2,250.16 1 1
walkie-backend/internal/http/handlers/audio_helpers.go:250.16,252.3 1 1
walkie-backend/internal/http/handlers/audio_helpers.go:254.2,258.38 4 1
walkie-backend/internal/http/handlers/audio_helpers.go:258.38,261.23 3 1
walkie-backend/internal/http/handlers/audio_helpers.go:261.23,262.27 1 1
walkie-backend/internal/http/handlers/audio_helpers.go:262.27,265.66 3 1
walkie-backend/internal/http/handlers/audio_helpers.go:265.66,268.6 2 1
walkie-backend/internal/http/handlers/audio_helpers.go:271.3,271.29 1 1
walkie-backend/internal/http/handlers/audio_helpers.go:271.29,273.4 1 1
walkie-backend/internal/http/handlers/audio_helpers.go:277.2,277.54 1 1
walkie-backend/internal/http/handlers/audio_helpers.go:280.60,284.91 2 1
walkie-backend/internal/http/handlers/audio_helpers.go:284.91,286.3 1 1
walkie-backend/internal/http/handlers/audio_helpers.go:289.2,292.19 2 1
walkie-backend/internal/http/handlers/audio_helpers.go:292.19,294.3 1 1
walkie-backend/internal/http/handlers/audio_helpers.go:295.2,295.18 1 1
walkie-backend/internal/http/handlers/audio_helpers.go:295.18,297.3 1 1
walkie-backend/internal/http/handlers/audio_helpers.go:299.2,299.54 1 1
walkie-backend/internal/http/handlers/audio_queue.go:31.105,46.41 4 1
walkie-backend/internal/http/handlers/audio_queue.go:46.41,47.30 1 1
walkie-backend/internal/http/handlers/audio_queue.go:47.30,48.12 1 1
walkie-backend/internal/http/handlers/audio_queue.go:51.3,51.50 1 1
walkie-backend/internal/http/handlers/audio_queue.go:51.50,53.4 1 1
walkie-backend/internal/http/handlers/audio_queue.go:55.3,56.105 2 1
walkie-backend/internal/http/handlers/audio_queue.go:59.2,59.21 1 1
walkie-backend/internal/http/handlers/audio_queue.go:63.46,68.21 4 1
walkie-backend/internal/http/handlers/audio_queue.go:68.21,70.3 1 1
walkie-backend/internal/http/handlers/audio_queue.go:73.2,77.14 4 1
walkie-backend/internal/http/handlers/audio_queue.go:81.23,87.53 4 1
walkie-backend/internal/http/handlers/audio_queue.go:87.53,89.31 2 1
walkie-backend/internal/http/handlers/audio_queue.go:89.31,90.37 1 1
walkie-backend/internal/http/handlers/audio_queue.go:90.37,92.5 1 1
walkie-backend/internal/http/handlers/audio_queue.go:94.3,97.25 2 1
walkie-backend/internal/http/handlers/audio_queue.go:97.25,99.4 1 1
walkie-backend/internal/http/handlers/auth.go:36.59,37.33 1 1
walkie-backend/internal/http/handlers/auth.go:37.33,40.3 2 1
walkie-backend/internal/http/handlers/auth.go:42.2,43.61 2 1
walkie-backend/internal/http/handlers/auth.go:43.61,46.3 2 1
walkie-backend/internal/http/handlers/auth.go:47.2,48.38 2 1
walkie-backend/internal/http/handlers/auth.go:48.38,51.3 2 1
walkie-backend/internal/http/handlers/auth.go:53.2,54.91 2 1
walkie-backend/internal/http/handlers/auth.go:54.91,62.55 3 1
walkie-backend/internal/http/handlers/auth.go:62.55,65.4 2 0
walkie-backend/internal/http/handlers/auth.go:66.8,67.25 1 1
walkie-backend/internal/http/handlers/auth.go:67.25,68.114 1 1
walkie-backend/internal/http/handlers/auth.go:68.114,73.5 4 1
walkie-backend/internal/http/handlers/auth.go:74.9,77.4 2 1
walkie-backend/internal/http/handlers/auth.go:78.3,80.34 3 1
walkie-backend/internal/http/handlers/auth.go:83.2,84.16 2 1
walkie-backend/internal/http/handlers/auth.go:84.16,87.3 2 0
walkie-backend/internal/http/handlers/auth.go:88.2,90.52 3 1
walkie-backend/internal/http/handlers/auth.go:90.52,93.3 2 0
walkie-backend/internal/http/handlers/auth.go:95.2,100.4 3 1
walkie-backend/internal/http/handlers/auth.go:103.43,105.40 2 1
walkie-backend/internal/http/handlers/auth.go:105.40,107.3 1 0
walkie-backend/internal/http/handlers/auth.go:108.2,108.35 1 1
walkie-backend/internal/http/handlers/auth.go:113.34,117.13 4 1
walkie-backend/internal/http/handlers/auth.go:117.13,119.3 1 1
walkie-backend/internal/http/handlers/auth.go:120.2,120.10 1 1
walkie-backend/internal/http/handlers/channels.go:13.65,15.87 2 1
walkie-backend/internal/http/handlers/channels.go:15.87,18.3 2 1
walkie-backend/internal/http/handlers/channels.go:20.2,27.30 3 1
walkie-backend/internal/http/handlers/channels.go:27.30,33.3 1 1
walkie-backend/internal/http/handlers/channels.go:34.2,34.43 1 1
walkie-backend/internal/http/handlers/channels.go:37.59,39.16 2 1
walkie-backend/internal/http/handlers/channels.go:39.16,42.3 2 1
walkie-backend/internal/http/handlers/channels.go:44.2,45.80 2 1
walkie-backend/internal/http/handlers/channels.go:45.80,48.3 2 1
walkie-backend/internal/http/handlers/channels.go:50.2,54.40 2 1
walkie-backend/internal/http/handlers/channels.go:54.40,57.3 2 0
walkie-backend/internal/http/handlers/channels.go:59.2,65.32 3 1
walkie-backend/internal/http/handlers/channels.go:65.32,67.3 1 1
walkie-backend/internal/http/handlers/channels.go:68.2,68.43 1 1
walkie-backend/internal/http/handlers/shared.go:20.55,21.25 1 1
walkie-backend/internal/http/handlers/shared.go:21.25,23.3 1 1
walkie-backend/internal/http/handlers/shared.go:24.2,24.24 1 1
walkie-backend/internal/http/handlers/shared.go:27.45,28.20 1 1
walkie-backend/internal/http/handlers/shared.go:28.20,30.3 1 1
walkie-backend/internal/http/handlers/shared.go:31.2,31.22 1 1
walkie-backend/internal/http/handlers/ws.go:35.47,35.62 1 1
walkie-backend/internal/http/handlers/ws.go:50.62,52.16 2 1
walkie-backend/internal/http/handlers/ws.go:52.16,55.3 2 0
walkie-backend/internal/http/handlers/ws.go:58.2,60.41 3 1
walkie-backend/internal/http/handlers/ws.go:60.41,63.3 2 0
walkie-backend/internal/http/handlers/ws.go:65.2,66.15 2 1
walkie-backend/internal/http/handlers/ws.go:66.15,67.20 1 1
walkie-backend/internal/http/handlers/ws.go:67.20,70.4 2 1
walkie-backend/internal/http/handlers/ws.go:71.3,71.15 1 1
walkie-backend/internal/http/handlers/ws.go:75.2,76.16 2 1
walkie-backend/internal/http/handlers/ws.go:76.16,79.3 2 0
walkie-backend/internal/http/handlers/ws.go:81.2,85.81 2 1
walkie-backend/internal/http/handlers/ws.go:85.81,88.3 2 1
walkie-backend/internal/http/handlers/ws.go:91.2,92.97 2 1
walkie-backend/internal/http/handlers/ws.go:92.97,95.3 2 1
walkie-backend/internal/http/handlers/ws.go:97.2,98.49 2 1
walkie-backend/internal/http/handlers/ws.go:98.49,100.3 1 0
walkie-backend/internal/http/handlers/ws.go:102.2,119.22 6 1
walkie-backend/internal/http/handlers/ws.go:123.31,124.15 1 1
walkie-backend/internal/http/handlers/ws.go:124.15,127.3 2 1
walkie-backend/internal/http/handlers/ws.go:129.2,131.43 3 1
walkie-backend/internal/http/handlers/ws.go:131.43,134.3 2 0
walkie-backend/internal/http/handlers/ws.go:136.2,136.6 1 1
walkie-backend/internal/http/handlers/ws.go:136.6,138.17 2 1
walkie-backend/internal/http/handlers/ws.go:138.17,139.103 1 1
walkie-backend/internal/http/handlers/ws.go:139.103,141.5 1 0
walkie-backend/internal/http/handlers/ws.go:142.4,142.9 1 1
walkie-backend/internal/http/handlers/ws.go:148.32,150.15 2 1
walkie-backend/internal/http/handlers/ws.go:150.15,153.3 2 1
walkie-backend/internal/http/handlers/ws.go:155.2,155.6 1 1
walkie-backend/internal/http/handlers/ws.go:155.6,156.10 1 1
walkie-backend/internal/http/handlers/ws.go:157.32,159.11 2 1
walkie-backend/internal/http/handlers/ws.go:159.11,162.5 2 1
walkie-backend/internal/http/handlers/ws.go:164.4,165.18 2 0
walkie-backend/internal/http/handlers/ws.go:165.18,167.5 1 0
walkie-backend/internal/http/handlers/ws.go:168.4,172.27 3 0
walkie-backend/internal/http/handlers/ws.go:172.27,174.5 1 0
walkie-backend/internal/http/handlers/ws.go:176.4,176.36 1 0
walkie-backend/internal/http/handlers/ws.go:176.36,178.5 1 0
walkie-backend/internal/http/handlers/ws.go:180.19,182.74 2 0
walkie-backend/internal/http/handlers/ws.go:182.74,184.5 1 0
walkie-backend/internal/http/handlers/ws.go:189.34,194.60 3 1
walkie-backend/internal/http/handlers/ws.go:194.60,196.3 1 0
walkie-backend/internal/http/handlers/ws.go:198.2,199.21 2 1
walkie-backend/internal/http/handlers/ws.go:199.21,200.43 1 1
walkie-backend/internal/http/handlers/ws.go:200.43,202.4 1 1
walkie-backend/internal/http/handlers/ws.go:203.3,203.46 1 1
walkie-backend/internal/http/handlers/ws.go:206.2,206.77 1 1
walkie-backend/internal/http/handlers/ws.go:209.32,213.2 3 1
walkie-backend/internal/http/handlers/ws.go:215.38,217.61 2 1
walkie-backend/internal/http/handlers/ws.go:217.61,219.46 2 1
walkie-backend/internal/http/handlers/ws.go:219.46,221.4 1 1
walkie-backend/internal/http/handlers/ws.go:223.2,223.75 1 1
walkie-backend/internal/http/handlers/ws.go:226.58,231.9 4 1
walkie-backend/internal/http/handlers/ws.go:231.9,234.3 2 1
walkie-backend/internal/http/handlers/ws.go:237.2,237.71 1 1
walkie-backend/internal/http/handlers/ws.go:237.71,239.51 2 1
walkie-backend/internal/http/handlers/ws.go:239.51,241.4 1 1
walkie-backend/internal/http/handlers/ws.go:245.2,245.22 1 1
walkie-backend/internal/http/handlers/ws.go:245.22,250.3 4 1
walkie-backend/internal/http/handlers/ws.go:253.2,254.43 2 1
walkie-backend/internal/http/handlers/ws.go:254.43,256.3 1 1
walkie-backend/internal/http/handlers/ws.go:257.2,262.24 3 1
walkie-backend/internal/http/handlers/ws.go:262.24,270.17 4 0
walkie-backend/internal/http/handlers/ws.go:270.17,272.4 1 0
walkie-backend/internal/http/handlers/ws.go:276.56,281.23 4 1
walkie-backend/internal/http/handlers/ws.go:281.23,284.3 2 1
walkie-backend/internal/http/handlers/ws.go:286.2,294.29 3 1
walkie-backend/internal/http/handlers/ws.go:294.29,295.22 1 1
walkie-backend/internal/http/handlers/ws.go:295.22,297.4 1 1
walkie-backend/internal/http/handlers/ws.go:297.9,299.4 1 1
walkie-backend/internal/http/handlers/ws.go:301.3,302.20 2 1
walkie-backend/internal/http/handlers/ws.go:302.20,306.18 4 0
walkie-backend/internal/http/handlers/ws.go:306.18,308.5 1 0
walkie-backend/internal/http/handlers/ws.go:309.4,309.12 1 0
walkie-backend/internal/http/handlers/ws.go:312.3,312.20 1 1
walkie-backend/internal/http/handlers/ws.go:312.20,313.11 1 1
walkie-backend/internal/http/handlers/ws.go:314.28,314.28 0 1
walkie-backend/internal/http/handlers/ws.go:315.12,315.12 0 0
walkie-backend/internal/http/handlers/ws.go:321.55,326.23 4 1
walkie-backend/internal/http/handlers/ws.go:326.23,329.3 2 0
walkie-backend/internal/http/handlers/ws.go:331.2,342.29 4 1
walkie-backend/internal/http/handlers/ws.go:342.29,343.20 1 1
walkie-backend/internal/http/handlers/ws.go:343.20,347.18 4 0
walkie-backend/internal/http/handlers/ws.go:347.18,349.5 1 0
walkie-backend/internal/http/handlers/ws.go:350.4,350.12 1 0
walkie-backend/internal/http/handlers/ws.go:353.3,353.20 1 1
walkie-backend/internal/http/handlers/ws.go:353.20,354.11 1 1
walkie-backend/internal/http/handlers/ws.go:355.28,355.28 0 1
walkie-backend/internal/http/handlers/ws.go:356.12,356.12 0 0
walkie-backend/internal/http/handlers/ws.go:362.66,363.31 1 1
walkie-backend/internal/http/handlers/ws.go:363.31,366.3 2 0
walkie-backend/internal/http/handlers/ws.go:368.2,372.23 4 1
walkie-backend/internal/http/handlers/ws.go:372.23,375.3 2 1
walkie-backend/internal/http/handlers/ws.go:377.2,379.29 2 1
walkie-backend/internal/http/handlers/ws.go:379.29,380.20 1 1
walkie-backend/internal/http/handlers/ws.go:380.20,384.18 4 0
walkie-backend/internal/http/handlers/ws.go:384.18,386.5 1 0
walkie-backend/internal/http/handlers/ws.go:387.4,387.12 1 0
walkie-backend/internal/http/handlers/ws.go:390.3,390.20 1 1
walkie-backend/internal/http/handlers/ws.go:390.20,391.11 1 1
walkie-backend/internal/http/handlers/ws.go:392.25,392.25 0 1
walkie-backend/internal/http/handlers/ws.go:393.12,393.12 0 0
